2025-05-22 21:50:00 | WARN | repo=a4m36jee-2014 | action=commit
2025-11-10 13:39:00 | INFO | repo=a4m36jee-2014 | action=pull
2025-07-17 10:22:00 | WARN | repo=a4m36jee-2014 | action=commit
2025-10-12 09:21:00 | WARN | repo=a4m36jee-2014 | action=commit
2025-01-10 09:03:00 | DEBUG | repo=a4m36jee-2014 | action=commit
2025-09-09 09:19:00 | INFO | repo=a4m36jee-2014 | action=commit
2025-05-23 07:09:00 | INFO | repo=a4m36jee-2014 | action=test | passed=true
2025-03-12 13:07:00 | DEBUG | repo=a4m36jee-2014 | action=test | passed=true
2025-12-26 07:24:00 | DEBUG | repo=a4m36jee-2014 | action=commit
2025-02-18 08:11:00 | WARN | repo=a4m36jee-2014 | action=commit
2025-02-06 21:30:00 | INFO | repo=a4m36jee-2014 | action=commit
2025-12-17 13:48:00 | INFO | repo=a4m36jee-2014 | action=commit
2025-12-21 19:27:00 | WARN | repo=a4m36jee-2014 | action=commit
2025-05-09 08:42:00 | INFO | repo=a4m36jee-2014 | action=commit
2025-03-28 18:43:00 | INFO | repo=a4m36jee-2014 | action=commit
2025-11-28 13:07:00 | INFO | repo=a4m36jee-2014 | action=commit
2025-02-17 17:56:00 | INFO | repo=a4m36jee-2014 | action=commit
2025-04-02 18:08:00 | INFO | repo=a4m36jee-2014 | action=commit
2025-05-07 21:37:00 | INFO | repo=a4m36jee-2014 | action=edit | files=3
2025-03-17 15:23:00 | WARN | repo=a4m36jee-2014 | action=commit
2025-09-21 09:13:00 | DEBUG | repo=a4m36jee-2014 | action=edit | files=3
2025-11-05 13:11:00 | INFO | repo=a4m36jee-2014 | action=edit | files=5
2025-09-08 15:54:00 | DEBUG | repo=a4m36jee-2014 | action=commit
2025-08-03 12:15:00 | DEBUG | repo=a4m36jee-2014 | action=edit | files=1
2025-11-19 07:23:00 | WARN | repo=a4m36jee-2014 | action=commit
2025-05-13 08:35:00 | WARN | repo=a4m36jee-2014 | action=commit
2025-07-27 08:59:00 | INFO | repo=a4m36jee-2014 | action=pull
2025-09-23 08:00:00 | INFO | repo=a4m36jee-2014 | action=commit
2025-07-01 12:15:00 | WARN | repo=a4m36jee-2014 | action=commit
2025-06-04 11:08:00 | WARN | repo=a4m36jee-2014 | action=pull
2025-07-27 18:38:00 | INFO | repo=a4m36jee-2014 | action=commit
2025-04-28 20:29:00 | INFO | repo=a4m36jee-2014 | action=commit
2025-11-26 16:38:00 | WARN | repo=a4m36jee-2014 | action=commit
2025-03-24 10:53:00 | DEBUG | repo=a4m36jee-2014 | action=commit
